Meur. 04, 2023 3:55:39 G.M. de.gurkenlabs.litiengine.DefaultUncaughtExceptionHandler uncaughtException
SEVERE: Game crashed! :(
de.gurkenlabs.litiengine.resources.ResourceLoadException: de.gurkenlabs.litiengine.environment.tilemap.xml.TmxException
	at de.gurkenlabs.litiengine.resources.ResourcesContainer.loadResource(ResourcesContainer.java:395)
	at java.base/java.util.concurrent.ConcurrentHashMap.computeIfAbsent(ConcurrentHashMap.java:1708)
	at de.gurkenlabs.litiengine.resources.ResourcesContainer.get(ResourcesContainer.java:276)
	at de.gurkenlabs.litiengine.resources.ResourcesContainer.get(ResourcesContainer.java:209)
	at resourceworld.App.main(App.java:26)
Caused by: de.gurkenlabs.litiengine.environment.tilemap.xml.TmxException
	at de.gurkenlabs.litiengine.resources.Maps.load(Maps.java:111)
	at de.gurkenlabs.litiengine.resources.Maps.load(Maps.java:32)
	at de.gurkenlabs.litiengine.resources.ResourcesContainer.loadResource(ResourcesContainer.java:393)
	... 4 more
Caused by: jakarta.xml.bind.UnmarshalException
 - with linked exception:
[java.io.FileNotFoundException: C:\Users\Jeferson\git\resourceworld\src\main\resources\maps\map-ocean.tmx (O sistema não pode encontrar o caminho especificado)]
	at org.glassfish.jaxb.runtime.v2.runtime.unmarshaller.UnmarshallerImpl.unmarshal0(UnmarshallerImpl.java:221)
	at org.glassfish.jaxb.runtime.v2.runtime.unmarshaller.UnmarshallerImpl.unmarshal(UnmarshallerImpl.java:189)
	at jakarta.xml.bind.helpers.AbstractUnmarshallerImpl.unmarshal(AbstractUnmarshallerImpl.java:140)
	at jakarta.xml.bind.helpers.AbstractUnmarshallerImpl.unmarshal(AbstractUnmarshallerImpl.java:145)
	at jakarta.xml.bind.helpers.AbstractUnmarshallerImpl.unmarshal(AbstractUnmarshallerImpl.java:154)
	at de.gurkenlabs.litiengine.util.io.XmlUtilities.read(XmlUtilities.java:98)
	at de.gurkenlabs.litiengine.resources.Maps.load(Maps.java:109)
	... 6 more
Caused by: java.io.FileNotFoundException: C:\Users\Jeferson\git\resourceworld\src\main\resources\maps\map-ocean.tmx (O sistema não pode encontrar o caminho especificado)
	at java.base/java.io.FileInputStream.open0(Native Method)
	at java.base/java.io.FileInputStream.open(FileInputStream.java:216)
	at java.base/java.io.FileInputStream.<init>(FileInputStream.java:157)
	at java.base/java.io.FileInputStream.<init>(FileInputStream.java:111)
	at java.base/sun.net.www.protocol.file.FileURLConnection.connect(FileURLConnection.java:86)
	at java.base/sun.net.www.protocol.file.FileURLConnection.getInputStream(FileURLConnection.java:189)
	at java.xml/com.sun.org.apache.xerces.internal.impl.XMLEntityManager.setupCurrentEntity(XMLEntityManager.java:653)
	at java.xml/com.sun.org.apache.xerces.internal.impl.XMLVersionDetector.determineDocVersion(XMLVersionDetector.java:150)
	at java.xml/com.sun.org.apache.xerces.internal.parsers.XML11Configuration.parse(XML11Configuration.java:861)
	at java.xml/com.sun.org.apache.xerces.internal.parsers.XML11Configuration.parse(XML11Configuration.java:825)
	at java.xml/com.sun.org.apache.xerces.internal.parsers.XMLParser.parse(XMLParser.java:141)
	at java.xml/com.sun.org.apache.xerces.internal.parsers.AbstractSAXParser.parse(AbstractSAXParser.java:1224)
	at java.xml/com.sun.org.apache.xerces.internal.jaxp.SAXParserImpl$JAXPSAXParser.parse(SAXParserImpl.java:637)
	at org.glassfish.jaxb.runtime.v2.runtime.unmarshaller.UnmarshallerImpl.unmarshal0(UnmarshallerImpl.java:218)
	... 12 more

