Meur. 04, 2023 4:34:41 G.M. de.gurkenlabs.litiengine.environment.tilemap.xml.TmxMap checkVersion
WARNING: Tiled version 1.9.2 of map "null" is greater than the supported version 1.2.x. Some features may not work.
Meur. 04, 2023 4:35:06 G.M. de.gurkenlabs.litiengine.environment.tilemap.xml.TmxMap checkVersion
WARNING: Tiled version 1.9.2 of map "null" is greater than the supported version 1.2.x. Some features may not work.
Meur. 04, 2023 6:58:08 G.M. de.gurkenlabs.litiengine.environment.tilemap.xml.TmxMap checkVersion
WARNING: Tiled version 1.9.2 of map "null" is greater than the supported version 1.2.x. Some features may not work.
Meur. 04, 2023 6:59:28 G.M. de.gurkenlabs.litiengine.environment.tilemap.xml.TmxMap checkVersion
WARNING: Tiled version 1.9.2 of map "null" is greater than the supported version 1.2.x. Some features may not work.
Meur. 04, 2023 7:00:18 G.M. de.gurkenlabs.litiengine.environment.tilemap.xml.TmxMap checkVersion
WARNING: Tiled version 1.9.2 of map "null" is greater than the supported version 1.2.x. Some features may not work.
Meur. 04, 2023 7:08:16 G.M. de.gurkenlabs.litiengine.environment.tilemap.xml.TmxMap checkVersion
WARNING: Tiled version 1.9.2 of map "null" is greater than the supported version 1.2.x. Some features may not work.
Meur. 04, 2023 7:08:44 G.M. de.gurkenlabs.litiengine.environment.tilemap.xml.TmxMap checkVersion
WARNING: Tiled version 1.9.2 of map "null" is greater than the supported version 1.2.x. Some features may not work.
Meur. 04, 2023 7:18:37 G.M. de.gurkenlabs.litiengine.environment.tilemap.xml.TmxMap checkVersion
WARNING: Tiled version 1.9.2 of map "null" is greater than the supported version 1.2.x. Some features may not work.
Meur. 04, 2023 7:18:49 G.M. de.gurkenlabs.litiengine.environment.tilemap.xml.TmxMap checkVersion
WARNING: Tiled version 1.9.2 of map "null" is greater than the supported version 1.2.x. Some features may not work.
Meur. 04, 2023 7:19:10 G.M. de.gurkenlabs.litiengine.environment.tilemap.xml.TmxMap checkVersion
WARNING: Tiled version 1.9.2 of map "null" is greater than the supported version 1.2.x. Some features may not work.
Meur. 04, 2023 7:19:28 G.M. de.gurkenlabs.litiengine.environment.tilemap.xml.TmxMap checkVersion
WARNING: Tiled version 1.9.2 of map "null" is greater than the supported version 1.2.x. Some features may not work.
Meur. 04, 2023 7:19:42 G.M. de.gurkenlabs.litiengine.environment.tilemap.xml.TmxMap checkVersion
WARNING: Tiled version 1.9.2 of map "null" is greater than the supported version 1.2.x. Some features may not work.
Meur. 04, 2023 7:24:52 G.M. de.gurkenlabs.litiengine.environment.tilemap.xml.TmxMap checkVersion
WARNING: Tiled version 1.9.2 of map "null" is greater than the supported version 1.2.x. Some features may not work.
Meur. 04, 2023 7:29:56 G.M. de.gurkenlabs.litiengine.environment.tilemap.xml.TmxMap checkVersion
WARNING: Tiled version 1.9.2 of map "null" is greater than the supported version 1.2.x. Some features may not work.
Meur. 04, 2023 7:30:44 G.M. de.gurkenlabs.litiengine.environment.tilemap.xml.TmxMap checkVersion
WARNING: Tiled version 1.9.2 of map "null" is greater than the supported version 1.2.x. Some features may not work.
Meur. 04, 2023 7:39:57 G.M. de.gurkenlabs.litiengine.environment.tilemap.xml.TmxMap checkVersion
WARNING: Tiled version 1.9.2 of map "null" is greater than the supported version 1.2.x. Some features may not work.
Meur. 04, 2023 7:42:26 G.M. de.gurkenlabs.litiengine.environment.tilemap.xml.TmxMap checkVersion
WARNING: Tiled version 1.9.2 of map "null" is greater than the supported version 1.2.x. Some features may not work.
Meur. 04, 2023 7:44:02 G.M. de.gurkenlabs.litiengine.environment.tilemap.xml.TmxMap checkVersion
WARNING: Tiled version 1.9.2 of map "null" is greater than the supported version 1.2.x. Some features may not work.
Meur. 04, 2023 7:44:47 G.M. de.gurkenlabs.litiengine.environment.tilemap.xml.TmxMap checkVersion
WARNING: Tiled version 1.9.2 of map "null" is greater than the supported version 1.2.x. Some features may not work.
Meur. 04, 2023 7:48:52 G.M. de.gurkenlabs.litiengine.environment.tilemap.xml.TmxMap checkVersion
WARNING: Tiled version 1.9.2 of map "null" is greater than the supported version 1.2.x. Some features may not work.
Meur. 04, 2023 7:49:00 G.M. de.gurkenlabs.litiengine.environment.tilemap.xml.TmxMap checkVersion
WARNING: Tiled version 1.9.2 of map "null" is greater than the supported version 1.2.x. Some features may not work.
Meur. 04, 2023 7:49:08 G.M. de.gurkenlabs.litiengine.environment.tilemap.xml.TmxMap checkVersion
WARNING: Tiled version 1.9.2 of map "null" is greater than the supported version 1.2.x. Some features may not work.
Meur. 04, 2023 7:49:17 G.M. de.gurkenlabs.litiengine.environment.tilemap.xml.TmxMap checkVersion
WARNING: Tiled version 1.9.2 of map "null" is greater than the supported version 1.2.x. Some features may not work.
Meur. 04, 2023 7:49:26 G.M. de.gurkenlabs.litiengine.environment.tilemap.xml.TmxMap checkVersion
WARNING: Tiled version 1.9.2 of map "null" is greater than the supported version 1.2.x. Some features may not work.
Meur. 04, 2023 7:54:26 G.M. de.gurkenlabs.litiengine.environment.tilemap.xml.TmxMap checkVersion
WARNING: Tiled version 1.9.2 of map "null" is greater than the supported version 1.2.x. Some features may not work.
Meur. 04, 2023 8:02:37 G.M. de.gurkenlabs.litiengine.environment.tilemap.xml.TmxMap checkVersion
WARNING: Tiled version 1.9.2 of map "null" is greater than the supported version 1.2.x. Some features may not work.
Meur. 04, 2023 8:02:37 G.M. de.gurkenlabs.litiengine.DefaultUncaughtExceptionHandler uncaughtException
SEVERE: Game crashed! :(
java.lang.NullPointerException: Cannot invoke "de.gurkenlabs.litiengine.graphics.ICamera.getFocus()" because the return value of "de.gurkenlabs.litiengine.environment.GameWorld.camera()" is null
	at de.gurkenlabs.litiengine.sound.SoundEngine.start(SoundEngine.java:632)
	at de.gurkenlabs.litiengine.Game.start(Game.java:540)
	at resourceworld.App.main(App.java:30)

Meur. 04, 2023 8:02:37 G.M. de.gurkenlabs.litiengine.DefaultUncaughtExceptionHandler uncaughtException
SEVERE: Game crashed! :(
java.lang.NullPointerException: Cannot invoke "de.gurkenlabs.litiengine.graphics.ICamera.getFocus()" because the return value of "de.gurkenlabs.litiengine.environment.GameWorld.camera()" is null
	at de.gurkenlabs.litiengine.sound.SoundEngine.lambda$new$0(SoundEngine.java:49)
	at de.gurkenlabs.litiengine.sound.SoundEngine.update(SoundEngine.java:654)
	at de.gurkenlabs.litiengine.GameLoop.updateInvariableEngineComponents(GameLoop.java:126)
	at de.gurkenlabs.litiengine.GameLoop.process(GameLoop.java:84)
	at de.gurkenlabs.litiengine.UpdateLoop.run(UpdateLoop.java:57)

Meur. 04, 2023 8:06:38 G.M. de.gurkenlabs.litiengine.environment.tilemap.xml.TmxMap checkVersion
WARNING: Tiled version 1.9.2 of map "null" is greater than the supported version 1.2.x. Some features may not work.
Meur. 04, 2023 8:07:37 G.M. de.gurkenlabs.litiengine.environment.tilemap.xml.TmxMap checkVersion
WARNING: Tiled version 1.9.2 of map "null" is greater than the supported version 1.2.x. Some features may not work.
Meur. 04, 2023 8:08:11 G.M. de.gurkenlabs.litiengine.environment.tilemap.xml.TmxMap checkVersion
WARNING: Tiled version 1.9.2 of map "null" is greater than the supported version 1.2.x. Some features may not work.
Meur. 04, 2023 8:08:42 G.M. de.gurkenlabs.litiengine.environment.tilemap.xml.TmxMap checkVersion
WARNING: Tiled version 1.9.2 of map "null" is greater than the supported version 1.2.x. Some features may not work.
Meur. 04, 2023 8:10:22 G.M. de.gurkenlabs.litiengine.environment.tilemap.xml.TmxMap checkVersion
WARNING: Tiled version 1.9.2 of map "null" is greater than the supported version 1.2.x. Some features may not work.
Meur. 04, 2023 8:11:51 G.M. de.gurkenlabs.litiengine.environment.tilemap.xml.TmxMap checkVersion
WARNING: Tiled version 1.9.2 of map "null" is greater than the supported version 1.2.x. Some features may not work.
Meur. 04, 2023 8:14:15 G.M. de.gurkenlabs.litiengine.environment.tilemap.xml.TmxMap checkVersion
WARNING: Tiled version 1.9.2 of map "null" is greater than the supported version 1.2.x. Some features may not work.
Meur. 04, 2023 8:16:03 G.M. de.gurkenlabs.litiengine.environment.tilemap.xml.TmxMap checkVersion
WARNING: Tiled version 1.9.2 of map "null" is greater than the supported version 1.2.x. Some features may not work.
Meur. 04, 2023 8:16:37 G.M. de.gurkenlabs.litiengine.environment.tilemap.xml.TmxMap checkVersion
WARNING: Tiled version 1.9.2 of map "null" is greater than the supported version 1.2.x. Some features may not work.
Meur. 04, 2023 8:23:27 G.M. de.gurkenlabs.litiengine.environment.tilemap.xml.TmxMap checkVersion
WARNING: Tiled version 1.9.2 of map "null" is greater than the supported version 1.2.x. Some features may not work.
Meur. 04, 2023 8:23:54 G.M. de.gurkenlabs.litiengine.environment.tilemap.xml.TmxMap checkVersion
WARNING: Tiled version 1.9.2 of map "null" is greater than the supported version 1.2.x. Some features may not work.
Meur. 04, 2023 8:32:53 G.M. de.gurkenlabs.litiengine.environment.tilemap.xml.TmxMap checkVersion
WARNING: Tiled version 1.9.2 of map "null" is greater than the supported version 1.2.x. Some features may not work.
Meur. 04, 2023 8:34:36 G.M. de.gurkenlabs.litiengine.environment.tilemap.xml.TmxMap checkVersion
WARNING: Tiled version 1.9.2 of map "null" is greater than the supported version 1.2.x. Some features may not work.
Meur. 04, 2023 8:37:44 G.M. de.gurkenlabs.litiengine.environment.tilemap.xml.TmxMap checkVersion
WARNING: Tiled version 1.9.2 of map "null" is greater than the supported version 1.2.x. Some features may not work.
Meur. 04, 2023 8:41:30 G.M. de.gurkenlabs.litiengine.environment.tilemap.xml.TmxMap checkVersion
WARNING: Tiled version 1.9.2 of map "null" is greater than the supported version 1.2.x. Some features may not work.
Meur. 04, 2023 8:43:01 G.M. de.gurkenlabs.litiengine.environment.tilemap.xml.TmxMap checkVersion
WARNING: Tiled version 1.9.2 of map "null" is greater than the supported version 1.2.x. Some features may not work.
Meur. 04, 2023 8:46:37 G.M. de.gurkenlabs.litiengine.environment.tilemap.xml.TmxMap checkVersion
WARNING: Tiled version 1.9.2 of map "null" is greater than the supported version 1.2.x. Some features may not work.
Meur. 04, 2023 8:53:25 G.M. de.gurkenlabs.litiengine.environment.tilemap.xml.TmxMap checkVersion
WARNING: Tiled version 1.9.2 of map "null" is greater than the supported version 1.2.x. Some features may not work.
Meur. 04, 2023 8:54:13 G.M. de.gurkenlabs.litiengine.environment.tilemap.xml.TmxMap checkVersion
WARNING: Tiled version 1.9.2 of map "null" is greater than the supported version 1.2.x. Some features may not work.
Meur. 04, 2023 8:56:41 G.M. de.gurkenlabs.litiengine.environment.tilemap.xml.TmxMap checkVersion
WARNING: Tiled version 1.9.2 of map "null" is greater than the supported version 1.2.x. Some features may not work.
Meur. 04, 2023 9:05:17 G.M. de.gurkenlabs.litiengine.environment.tilemap.xml.TmxMap checkVersion
WARNING: Tiled version 1.9.2 of map "null" is greater than the supported version 1.2.x. Some features may not work.
Meur. 04, 2023 9:07:31 G.M. de.gurkenlabs.litiengine.environment.tilemap.xml.TmxMap checkVersion
WARNING: Tiled version 1.9.2 of map "null" is greater than the supported version 1.2.x. Some features may not work.
Meur. 04, 2023 9:08:31 G.M. de.gurkenlabs.litiengine.environment.tilemap.xml.TmxMap checkVersion
WARNING: Tiled version 1.9.2 of map "null" is greater than the supported version 1.2.x. Some features may not work.
Meur. 04, 2023 9:09:47 G.M. de.gurkenlabs.litiengine.environment.tilemap.xml.TmxMap checkVersion
WARNING: Tiled version 1.9.2 of map "null" is greater than the supported version 1.2.x. Some features may not work.
Meur. 04, 2023 9:15:40 G.M. de.gurkenlabs.litiengine.environment.tilemap.xml.TmxMap checkVersion
WARNING: Tiled version 1.9.2 of map "null" is greater than the supported version 1.2.x. Some features may not work.
Meur. 04, 2023 9:16:22 G.M. de.gurkenlabs.litiengine.environment.tilemap.xml.TmxMap checkVersion
WARNING: Tiled version 1.9.2 of map "null" is greater than the supported version 1.2.x. Some features may not work.
Meur. 04, 2023 9:17:36 G.M. de.gurkenlabs.litiengine.environment.tilemap.xml.TmxMap checkVersion
WARNING: Tiled version 1.9.2 of map "null" is greater than the supported version 1.2.x. Some features may not work.
Meur. 04, 2023 9:27:47 G.M. de.gurkenlabs.litiengine.environment.tilemap.xml.TmxMap checkVersion
WARNING: Tiled version 1.9.2 of map "null" is greater than the supported version 1.2.x. Some features may not work.
Meur. 04, 2023 9:34:20 G.M. de.gurkenlabs.litiengine.environment.tilemap.xml.TmxMap checkVersion
WARNING: Tiled version 1.9.2 of map "null" is greater than the supported version 1.2.x. Some features may not work.
Meur. 04, 2023 9:35:32 G.M. de.gurkenlabs.litiengine.environment.tilemap.xml.TmxMap checkVersion
WARNING: Tiled version 1.9.2 of map "null" is greater than the supported version 1.2.x. Some features may not work.
Meur. 04, 2023 9:37:55 G.M. de.gurkenlabs.litiengine.environment.tilemap.xml.TmxMap checkVersion
WARNING: Tiled version 1.9.2 of map "null" is greater than the supported version 1.2.x. Some features may not work.
Meur. 04, 2023 10:40:02 G.M. de.gurkenlabs.litiengine.environment.tilemap.xml.TmxMap checkVersion
WARNING: Tiled version 1.9.2 of map "null" is greater than the supported version 1.2.x. Some features may not work.
Meur. 04, 2023 11:02:57 G.M. de.gurkenlabs.litiengine.environment.tilemap.xml.TmxMap checkVersion
WARNING: Tiled version 1.9.2 of map "null" is greater than the supported version 1.2.x. Some features may not work.
Meur. 04, 2023 11:07:33 G.M. de.gurkenlabs.litiengine.environment.tilemap.xml.TmxMap checkVersion
WARNING: Tiled version 1.9.2 of map "null" is greater than the supported version 1.2.x. Some features may not work.
Meur. 04, 2023 11:08:48 G.M. de.gurkenlabs.litiengine.environment.tilemap.xml.TmxMap checkVersion
WARNING: Tiled version 1.9.2 of map "null" is greater than the supported version 1.2.x. Some features may not work.
Meur. 04, 2023 11:16:52 G.M. de.gurkenlabs.litiengine.environment.tilemap.xml.TmxMap checkVersion
WARNING: Tiled version 1.9.2 of map "null" is greater than the supported version 1.2.x. Some features may not work.
Meur. 04, 2023 11:17:30 G.M. de.gurkenlabs.litiengine.environment.tilemap.xml.TmxMap checkVersion
WARNING: Tiled version 1.9.2 of map "null" is greater than the supported version 1.2.x. Some features may not work.
Meur. 04, 2023 11:18:34 G.M. de.gurkenlabs.litiengine.environment.tilemap.xml.TmxMap checkVersion
WARNING: Tiled version 1.9.2 of map "null" is greater than the supported version 1.2.x. Some features may not work.
Meur. 04, 2023 11:21:28 G.M. de.gurkenlabs.litiengine.environment.tilemap.xml.TmxMap checkVersion
WARNING: Tiled version 1.9.2 of map "null" is greater than the supported version 1.2.x. Some features may not work.
Meur. 04, 2023 11:21:56 G.M. de.gurkenlabs.litiengine.environment.tilemap.xml.TmxMap checkVersion
WARNING: Tiled version 1.9.2 of map "null" is greater than the supported version 1.2.x. Some features may not work.
Meur. 04, 2023 11:22:22 G.M. de.gurkenlabs.litiengine.environment.tilemap.xml.TmxMap checkVersion
WARNING: Tiled version 1.9.2 of map "null" is greater than the supported version 1.2.x. Some features may not work.
Meur. 04, 2023 11:23:23 G.M. de.gurkenlabs.litiengine.environment.tilemap.xml.TmxMap checkVersion
WARNING: Tiled version 1.9.2 of map "null" is greater than the supported version 1.2.x. Some features may not work.
Meur. 04, 2023 11:23:26 G.M. de.gurkenlabs.litiengine.DefaultUncaughtExceptionHandler uncaughtException
SEVERE: Game crashed! :(
java.lang.IllegalArgumentException: negative width
	at java.desktop/java.awt.BasicStroke.<init>(BasicStroke.java:194)
	at java.desktop/java.awt.BasicStroke.<init>(BasicStroke.java:278)
	at de.gurkenlabs.litiengine.graphics.RenderEngine.renderOutline(RenderEngine.java:280)
	at de.gurkenlabs.litiengine.graphics.DebugRenderer.drawTileBoundingBox(DebugRenderer.java:182)
	at de.gurkenlabs.litiengine.graphics.DebugRenderer.renderMapDebugInfo(DebugRenderer.java:153)
	at de.gurkenlabs.litiengine.environment.Environment.render(Environment.java:2316)
	at de.gurkenlabs.litiengine.gui.screens.GameScreen.render(GameScreen.java:24)
	at de.gurkenlabs.litiengine.graphics.RenderComponent.render(RenderComponent.java:130)
	at de.gurkenlabs.litiengine.GameLoop.process(GameLoop.java:93)
	at de.gurkenlabs.litiengine.UpdateLoop.run(UpdateLoop.java:57)

Meur. 04, 2023 11:23:38 G.M. de.gurkenlabs.litiengine.environment.tilemap.xml.TmxMap checkVersion
WARNING: Tiled version 1.9.2 of map "null" is greater than the supported version 1.2.x. Some features may not work.
Meur. 04, 2023 11:23:40 G.M. de.gurkenlabs.litiengine.DefaultUncaughtExceptionHandler uncaughtException
SEVERE: Game crashed! :(
java.lang.IllegalArgumentException: negative width
	at java.desktop/java.awt.BasicStroke.<init>(BasicStroke.java:194)
	at java.desktop/java.awt.BasicStroke.<init>(BasicStroke.java:278)
	at de.gurkenlabs.litiengine.graphics.RenderEngine.renderOutline(RenderEngine.java:280)
	at de.gurkenlabs.litiengine.graphics.DebugRenderer.drawTileBoundingBox(DebugRenderer.java:182)
	at de.gurkenlabs.litiengine.graphics.DebugRenderer.renderMapDebugInfo(DebugRenderer.java:153)
	at de.gurkenlabs.litiengine.environment.Environment.render(Environment.java:2316)
	at de.gurkenlabs.litiengine.gui.screens.GameScreen.render(GameScreen.java:24)
	at de.gurkenlabs.litiengine.graphics.RenderComponent.render(RenderComponent.java:130)
	at de.gurkenlabs.litiengine.GameLoop.process(GameLoop.java:93)
	at de.gurkenlabs.litiengine.UpdateLoop.run(UpdateLoop.java:57)

Meur. 04, 2023 11:24:10 G.M. de.gurkenlabs.litiengine.environment.tilemap.xml.TmxMap checkVersion
WARNING: Tiled version 1.9.2 of map "null" is greater than the supported version 1.2.x. Some features may not work.
Meur. 04, 2023 11:27:03 G.M. de.gurkenlabs.litiengine.environment.tilemap.xml.TmxMap checkVersion
WARNING: Tiled version 1.9.2 of map "null" is greater than the supported version 1.2.x. Some features may not work.
Meur. 04, 2023 11:27:06 G.M. de.gurkenlabs.litiengine.DefaultUncaughtExceptionHandler uncaughtException
SEVERE: Game crashed! :(
java.lang.IllegalArgumentException: negative width
	at java.desktop/java.awt.BasicStroke.<init>(BasicStroke.java:194)
	at java.desktop/java.awt.BasicStroke.<init>(BasicStroke.java:278)
	at de.gurkenlabs.litiengine.graphics.RenderEngine.renderOutline(RenderEngine.java:280)
	at de.gurkenlabs.litiengine.graphics.DebugRenderer.drawTileBoundingBox(DebugRenderer.java:182)
	at de.gurkenlabs.litiengine.graphics.DebugRenderer.renderMapDebugInfo(DebugRenderer.java:153)
	at de.gurkenlabs.litiengine.environment.Environment.render(Environment.java:2316)
	at de.gurkenlabs.litiengine.gui.screens.GameScreen.render(GameScreen.java:24)
	at de.gurkenlabs.litiengine.graphics.RenderComponent.render(RenderComponent.java:130)
	at de.gurkenlabs.litiengine.GameLoop.process(GameLoop.java:93)
	at de.gurkenlabs.litiengine.UpdateLoop.run(UpdateLoop.java:57)

Meur. 04, 2023 11:27:41 G.M. de.gurkenlabs.litiengine.environment.tilemap.xml.TmxMap checkVersion
WARNING: Tiled version 1.9.2 of map "null" is greater than the supported version 1.2.x. Some features may not work.
Meur. 04, 2023 11:27:57 G.M. de.gurkenlabs.litiengine.DefaultUncaughtExceptionHandler uncaughtException
SEVERE: Game crashed! :(
java.lang.IllegalArgumentException: negative width
	at java.desktop/java.awt.BasicStroke.<init>(BasicStroke.java:194)
	at java.desktop/java.awt.BasicStroke.<init>(BasicStroke.java:278)
	at de.gurkenlabs.litiengine.graphics.RenderEngine.renderOutline(RenderEngine.java:280)
	at de.gurkenlabs.litiengine.graphics.DebugRenderer.drawTileBoundingBox(DebugRenderer.java:182)
	at de.gurkenlabs.litiengine.graphics.DebugRenderer.renderMapDebugInfo(DebugRenderer.java:153)
	at de.gurkenlabs.litiengine.environment.Environment.render(Environment.java:2316)
	at de.gurkenlabs.litiengine.gui.screens.GameScreen.render(GameScreen.java:24)
	at de.gurkenlabs.litiengine.graphics.RenderComponent.render(RenderComponent.java:130)
	at de.gurkenlabs.litiengine.GameLoop.process(GameLoop.java:93)
	at de.gurkenlabs.litiengine.UpdateLoop.run(UpdateLoop.java:57)

Meur. 04, 2023 11:28:52 G.M. de.gurkenlabs.litiengine.environment.tilemap.xml.TmxMap checkVersion
WARNING: Tiled version 1.9.2 of map "null" is greater than the supported version 1.2.x. Some features may not work.
Meur. 04, 2023 11:32:25 G.M. de.gurkenlabs.litiengine.environment.tilemap.xml.TmxMap checkVersion
WARNING: Tiled version 1.9.2 of map "null" is greater than the supported version 1.2.x. Some features may not work.
Meur. 04, 2023 11:33:43 G.M. de.gurkenlabs.litiengine.environment.tilemap.xml.TmxMap checkVersion
WARNING: Tiled version 1.9.2 of map "null" is greater than the supported version 1.2.x. Some features may not work.
Meur. 04, 2023 11:34:24 G.M. de.gurkenlabs.litiengine.environment.tilemap.xml.TmxMap checkVersion
WARNING: Tiled version 1.9.2 of map "null" is greater than the supported version 1.2.x. Some features may not work.
